Performing C++ SOURCE FILE Test COMPILER_KNOWS_STDLIB failed with the following output:
Change Dir: /home/otserv/vanaheim1090/build/CMakeFiles/CMakeTmp

Run Build Command:/usr/bin/make "cmTryCompileExec628533619/fast"
/usr/bin/make -f CMakeFiles/cmTryCompileExec628533619.dir/build.make CMakeFiles/cmTryCompileExec628533619.dir/build
make[1]: Entering directory `/home/otserv/vanaheim1090/build/CMakeFiles/CMakeTmp'
/usr/bin/cmake -E cmake_progress_report /home/otserv/vanaheim1090/build/CMakeFiles/CMakeTmp/CMakeFiles 1
Building CXX object CMakeFiles/cmTryCompileExec628533619.dir/src.cxx.o
/usr/bin/g++-4.8    -Wall -Werror -pipe -fno-strict-aliasing -std=c++11 -DCOMPILER_KNOWS_STDLIB   -stdlib=libc++ -o CMakeFiles/cmTryCompileExec628533619.dir/src.cxx.o -c /home/otserv/vanaheim1090/build/CMakeFiles/CMakeTmp/src.cxx
g++-4.8: error: unrecognized command line option '-stdlib=libc++'
make[1]: *** [CMakeFiles/cmTryCompileExec628533619.dir/src.cxx.o] Error 1
make[1]: Leaving directory `/home/otserv/vanaheim1090/build/CMakeFiles/CMakeTmp'
make: *** [cmTryCompileExec628533619/fast] Error 2

Source file was:
int main() { return 0;}
Determining if the pthread_create exist failed with the following output:
Change Dir: /home/otserv/vanaheim1090/build/CMakeFiles/CMakeTmp

Run Build Command:/usr/bin/make "cmTryCompileExec362808404/fast"
/usr/bin/make -f CMakeFiles/cmTryCompileExec362808404.dir/build.make CMakeFiles/cmTryCompileExec362808404.dir/build
make[1]: Entering directory `/home/otserv/vanaheim1090/build/CMakeFiles/CMakeTmp'
/usr/bin/cmake -E cmake_progress_report /home/otserv/vanaheim1090/build/CMakeFiles/CMakeTmp/CMakeFiles 1
Building C object CMakeFiles/cmTryCompileExec362808404.dir/CheckSymbolExists.c.o
/usr/bin/gcc-4.8    -o CMakeFiles/cmTryCompileExec362808404.dir/CheckSymbolExists.c.o   -c /home/otserv/vanaheim1090/build/CMakeFiles/CMakeTmp/CheckSymbolExists.c
Linking C executable cmTryCompileExec362808404
/usr/bin/cmake -E cmake_link_script CMakeFiles/cmTryCompileExec362808404.dir/link.txt --verbose=1
/usr/bin/gcc-4.8       CMakeFiles/cmTryCompileExec362808404.dir/CheckSymbolExists.c.o  -o cmTryCompileExec362808404 -rdynamic 
CMakeFiles/cmTryCompileExec362808404.dir/CheckSymbolExists.c.o: In function `main':
CheckSymbolExists.c:(.text+0x16): undefined reference to `pthread_create'
collect2: error: ld returned 1 exit status
make[1]: *** [cmTryCompileExec362808404] Error 1
make[1]: Leaving directory `/home/otserv/vanaheim1090/build/CMakeFiles/CMakeTmp'
make: *** [cmTryCompileExec362808404/fast] Error 2

File /home/otserv/vanaheim1090/build/CMakeFiles/CMakeTmp/CheckSymbolExists.c:
/* */
#include <pthread.h>

int main(int argc, char** argv)
{
  (void)argv;
#ifndef pthread_create
  return ((int*)(&pthread_create))[argc];
#else
  (void)argc;
  return 0;
#endif
}

Determining if the function pthread_create exists in the pthreads failed with the following output:
Change Dir: /home/otserv/vanaheim1090/build/CMakeFiles/CMakeTmp

Run Build Command:/usr/bin/make "cmTryCompileExec1909726682/fast"
/usr/bin/make -f CMakeFiles/cmTryCompileExec1909726682.dir/build.make CMakeFiles/cmTryCompileExec1909726682.dir/build
make[1]: Entering directory `/home/otserv/vanaheim1090/build/CMakeFiles/CMakeTmp'
/usr/bin/cmake -E cmake_progress_report /home/otserv/vanaheim1090/build/CMakeFiles/CMakeTmp/CMakeFiles 1
Building C object CMakeFiles/cmTryCompileExec1909726682.dir/CheckFunctionExists.c.o
/usr/bin/gcc-4.8   -DCHECK_FUNCTION_EXISTS=pthread_create   -o CMakeFiles/cmTryCompileExec1909726682.dir/CheckFunctionExists.c.o   -c /usr/share/cmake-2.8/Modules/CheckFunctionExists.c
Linking C executable cmTryCompileExec1909726682
/usr/bin/cmake -E cmake_link_script CMakeFiles/cmTryCompileExec1909726682.dir/link.txt --verbose=1
/usr/bin/gcc-4.8   -DCHECK_FUNCTION_EXISTS=pthread_create    CMakeFiles/cmTryCompileExec1909726682.dir/CheckFunctionExists.c.o  -o cmTryCompileExec1909726682 -rdynamic -lpthreads 
/usr/bin/ld: cannot find -lpthreads
collect2: error: ld returned 1 exit status
make[1]: *** [cmTryCompileExec1909726682] Error 1
make[1]: Leaving directory `/home/otserv/vanaheim1090/build/CMakeFiles/CMakeTmp'
make: *** [cmTryCompileExec1909726682/fast] Error 2


